[debug] [2024-12-26T14:48:33.378Z] ----------------------------------------------------------------------
[debug] [2024-12-26T14:48:33.391Z] Command:       C:\Program Files\nodejs\node.exe C:\Users\developer\AppData\Roaming\npm\node_modules\firebase-tools\lib\bin\firebase.js init
[debug] [2024-12-26T14:48:33.393Z] CLI Version:   13.29.1
[debug] [2024-12-26T14:48:33.394Z] Platform:      win32
[debug] [2024-12-26T14:48:33.395Z] Node Version:  v20.10.0
[debug] [2024-12-26T14:48:33.395Z] Time:          Thu Dec 26 2024 15:48:33 GMT+0100 (West Africa Standard Time)
[debug] [2024-12-26T14:48:33.396Z] ----------------------------------------------------------------------
[debug] 
[debug] [2024-12-26T14:48:33.428Z] > command requires scopes: ["email","openid","https://www.googleapis.com/auth/cloudplatformprojects.readonly","https://www.googleapis.com/auth/firebase","https://www.googleapis.com/auth/cloud-platform"]
[debug] [2024-12-26T14:48:33.431Z] > authorizing via signed-in user (wiskara1@gmail.com)
[info] 
     ######## #### ########  ######## ########     ###     ######  ########
     ##        ##  ##     ## ##       ##     ##  ##   ##  ##       ##
     ######    ##  ########  ######   ########  #########  ######  ######
     ##        ##  ##    ##  ##       ##     ## ##     ##       ## ##
     ##       #### ##     ## ######## ########  ##     ##  ######  ########

You're about to initialize a Firebase project in this directory:

  C:\Users\developer\Desktop\oneWorship

[info] 
=== Project Setup
[info] 
[info] First, let's associate this project directory with a Firebase project.
[info] You can create multiple project aliases by running firebase use --add, 
[info] but for now we'll just set up a default project.
[info] 
[debug] [2024-12-26T14:49:55.127Z] Checked if tokens are valid: false, expires at: 1735224355859
[debug] [2024-12-26T14:49:55.129Z] Checked if tokens are valid: false, expires at: 1735224355859
[debug] [2024-12-26T14:49:55.131Z] > refreshing access token with scopes: []
[debug] [2024-12-26T14:49:55.145Z] >>> [apiv2][query] POST https://www.googleapis.com/oauth2/v3/token [none]
[debug] [2024-12-26T14:49:55.145Z] >>> [apiv2][body] POST https://www.googleapis.com/oauth2/v3/token [omitted]
[debug] [2024-12-26T14:49:56.153Z] <<< [apiv2][status] POST https://www.googleapis.com/oauth2/v3/token 200
[debug] [2024-12-26T14:49:56.154Z] <<< [apiv2][body] POST https://www.googleapis.com/oauth2/v3/token [omitted]
[debug] [2024-12-26T14:49:56.184Z] >>> [apiv2][query] GET https://firebase.googleapis.com/v1beta1/projects pageSize=100
[debug] [2024-12-26T14:49:57.728Z] <<< [apiv2][status] GET https://firebase.googleapis.com/v1beta1/projects 200
[debug] [2024-12-26T14:49:57.729Z] <<< [apiv2][body] GET https://firebase.googleapis.com/v1beta1/projects [omitted]
[info] i  Using project oneworship-5839e (oneworship) 
[info] 
=== Functions Setup
[debug] [2024-12-26T14:50:01.137Z] > command requires scopes: ["email","openid","https://www.googleapis.com/auth/cloudplatformprojects.readonly","https://www.googleapis.com/auth/firebase","https://www.googleapis.com/auth/cloud-platform"]
[debug] [2024-12-26T14:50:01.138Z] > authorizing via signed-in user (wiskara1@gmail.com)
[debug] [2024-12-26T14:50:01.139Z] [iam] checking project oneworship-5839e for permissions ["firebase.projects.get"]
[debug] [2024-12-26T14:50:01.140Z] Checked if tokens are valid: true, expires at: 1735228195155
[debug] [2024-12-26T14:50:01.141Z] Checked if tokens are valid: true, expires at: 1735228195155
[debug] [2024-12-26T14:50:01.141Z] >>> [apiv2][query] POST https://cloudresourcemanager.googleapis.com/v1/projects/oneworship-5839e:testIamPermissions [none]
[debug] [2024-12-26T14:50:01.142Z] >>> [apiv2][(partial)header] POST https://cloudresourcemanager.googleapis.com/v1/projects/oneworship-5839e:testIamPermissions x-goog-quota-user=projects/oneworship-5839e
[debug] [2024-12-26T14:50:01.142Z] >>> [apiv2][body] POST https://cloudresourcemanager.googleapis.com/v1/projects/oneworship-5839e:testIamPermissions {"permissions":["firebase.projects.get"]}
[debug] [2024-12-26T14:50:07.673Z] <<< [apiv2][status] POST https://cloudresourcemanager.googleapis.com/v1/projects/oneworship-5839e:testIamPermissions 200
[debug] [2024-12-26T14:50:07.674Z] <<< [apiv2][body] POST https://cloudresourcemanager.googleapis.com/v1/projects/oneworship-5839e:testIamPermissions {"permissions":["firebase.projects.get"]}
[debug] [2024-12-26T14:50:07.676Z] Checked if tokens are valid: true, expires at: 1735228195155
[debug] [2024-12-26T14:50:07.676Z] Checked if tokens are valid: true, expires at: 1735228195155
[debug] [2024-12-26T14:50:07.677Z] Checked if tokens are valid: true, expires at: 1735228195155
[debug] [2024-12-26T14:50:07.677Z] Checked if tokens are valid: true, expires at: 1735228195155
[debug] [2024-12-26T14:50:07.678Z] >>> [apiv2][query] GET https://serviceusage.googleapis.com/v1/projects/oneworship-5839e/services/cloudfunctions.googleapis.com [none]
[debug] [2024-12-26T14:50:07.678Z] >>> [apiv2][(partial)header] GET https://serviceusage.googleapis.com/v1/projects/oneworship-5839e/services/cloudfunctions.googleapis.com x-goog-quota-user=projects/oneworship-5839e
[debug] [2024-12-26T14:50:07.684Z] >>> [apiv2][query] GET https://serviceusage.googleapis.com/v1/projects/oneworship-5839e/services/runtimeconfig.googleapis.com [none]
[debug] [2024-12-26T14:50:07.685Z] >>> [apiv2][(partial)header] GET https://serviceusage.googleapis.com/v1/projects/oneworship-5839e/services/runtimeconfig.googleapis.com x-goog-quota-user=projects/oneworship-5839e
[debug] [2024-12-26T14:50:09.655Z] <<< [apiv2][status] GET https://serviceusage.googleapis.com/v1/projects/oneworship-5839e/services/runtimeconfig.googleapis.com 200
[debug] [2024-12-26T14:50:09.655Z] <<< [apiv2][body] GET https://serviceusage.googleapis.com/v1/projects/oneworship-5839e/services/runtimeconfig.googleapis.com [omitted]
[debug] [2024-12-26T14:50:10.637Z] <<< [apiv2][status] GET https://serviceusage.googleapis.com/v1/projects/oneworship-5839e/services/cloudfunctions.googleapis.com 200
[debug] [2024-12-26T14:50:10.638Z] <<< [apiv2][body] GET https://serviceusage.googleapis.com/v1/projects/oneworship-5839e/services/cloudfunctions.googleapis.com [omitted]
[info] Let's create a new codebase for your functions.
[info] A directory corresponding to the codebase will be created in your project
[info] with sample code pre-configured.

[info] See https://firebase.google.com/docs/functions/organize-functions for
[info] more information on organizing your functions using codebases.

[info] Functions can be deployed with firebase deploy.

[info] i  functions/package.json is unchanged 
[info] i  functions/.eslintrc.js is unchanged 
[info] i  functions/index.js is unchanged 
[info] i  functions/.gitignore is unchanged 
[info] 
=== Apphosting Setup
[debug] [2024-12-26T14:51:50.325Z] Checked if tokens are valid: true, expires at: 1735228195155
[debug] [2024-12-26T14:51:50.326Z] Checked if tokens are valid: true, expires at: 1735228195155
[debug] [2024-12-26T14:51:50.327Z] >>> [apiv2][query] GET https://cloudbilling.googleapis.com/v1/projects/oneworship-5839e/billingInfo [none]
[debug] [2024-12-26T14:51:52.753Z] <<< [apiv2][status] GET https://cloudbilling.googleapis.com/v1/projects/oneworship-5839e/billingInfo 200
[debug] [2024-12-26T14:51:52.754Z] <<< [apiv2][body] GET https://cloudbilling.googleapis.com/v1/projects/oneworship-5839e/billingInfo {"name":"projects/oneworship-5839e/billingInfo","projectId":"oneworship-5839e","billingAccountName":"","billingEnabled":false}
[info] i  Writing default settings to apphosting.yaml... 
[info] i  apphosting.yaml is unchanged 
[info] +  Create a new App Hosting backend with `firebase apphosting:backends:create` 
[info] 
=== Hosting Setup
[debug] [2024-12-26T14:51:52.775Z] Checked if tokens are valid: true, expires at: 1735228195155
[debug] [2024-12-26T14:51:52.776Z] Checked if tokens are valid: true, expires at: 1735228195155
[debug] [2024-12-26T14:51:52.777Z] >>> [apiv2][query] GET https://firebase.googleapis.com/v1beta1/projects/oneworship-5839e [none]
[debug] [2024-12-26T14:51:53.524Z] <<< [apiv2][status] GET https://firebase.googleapis.com/v1beta1/projects/oneworship-5839e 200
[debug] [2024-12-26T14:51:53.525Z] <<< [apiv2][body] GET https://firebase.googleapis.com/v1beta1/projects/oneworship-5839e {"projectId":"oneworship-5839e","projectNumber":"12374199983","displayName":"oneworship","name":"projects/oneworship-5839e","resources":{"hostingSite":"oneworship-5839e"},"state":"ACTIVE","etag":"1_08568f6c-ccb0-4cd5-a207-011c3d27563a"}
[info] 
[info] Your public directory is the folder (relative to your project directory) that
[info] will contain Hosting assets to be uploaded with firebase deploy. If you
[info] have a build process for your assets, use your build's output directory.
[info] 
[info] i  Y/404.html is unchanged 
[debug] [2024-12-26T14:52:46.394Z] >>> [apiv2][query] GET https://www.gstatic.com/firebasejs/releases.json [none]
[debug] [2024-12-26T14:52:46.940Z] <<< [apiv2][status] GET https://www.gstatic.com/firebasejs/releases.json 200
[debug] [2024-12-26T14:52:46.941Z] <<< [apiv2][body] GET https://www.gstatic.com/firebasejs/releases.json {"current":{"version":"11.1.0","browserURL":"https://www.gstatic.com/firebasejs/11.1.0/firebase.js","packageURL":"https://www.gstatic.com/firebasejs/11.1.0/firebase.tgz"},"live":{"version":"11.1","browserURL":"https://www.gstatic.com/firebasejs/live/11.1/firebase.js","packageURL":"https://www.gstatic.com/firebasejs/live/11.1/firebase.tgz"},"components":{"analytics":"https://www.gstatic.com/firebasejs/11.1.0/firebase-analytics.js","app":"https://www.gstatic.com/firebasejs/11.1.0/firebase-app.js","app-check":"https://www.gstatic.com/firebasejs/11.1.0/firebase-app-check.js","auth":"https://www.gstatic.com/firebasejs/11.1.0/firebase-auth.js","auth/cordova":"https://www.gstatic.com/firebasejs/11.1.0/firebase-auth/cordova.js","auth/web-extension":"https://www.gstatic.com/firebasejs/11.1.0/firebase-auth/web-extension.js","functions":"https://www.gstatic.com/firebasejs/11.1.0/firebase-functions.js","firestore":"https://www.gstatic.com/firebasejs/11.1.0/firebase-firestore.js","firestore/lite":"https://www.gstatic.com/firebasejs/11.1.0/firebase-firestore/lite.js","installations":"https://www.gstatic.com/firebasejs/11.1.0/firebase-installations.js","storage":"https://www.gstatic.com/firebasejs/11.1.0/firebase-storage.js","performance":"https://www.gstatic.com/firebasejs/11.1.0/firebase-performance.js","remote-config":"https://www.gstatic.com/firebasejs/11.1.0/firebase-remote-config.js","messaging":"https://www.gstatic.com/firebasejs/11.1.0/firebase-messaging.js","messaging/sw":"https://www.gstatic.com/firebasejs/11.1.0/firebase-messaging/sw.js","database":"https://www.gstatic.com/firebasejs/11.1.0/firebase-database.js","vertexai":"https://www.gstatic.com/firebasejs/11.1.0/firebase-vertexai.js","data-connect":"https://www.gstatic.com/firebasejs/11.1.0/firebase-data-connect.js","firestore.memory":"https://www.gstatic.com/firebasejs/11.1.0/firebase-firestore.memory.js"}}
[info] i  Y/index.html is unchanged 
[info] 
[info] i  Detected a .git folder at C:\Users\developer\Desktop\oneWorship 
[info] i  Authorizing with GitHub to upload your service account to a GitHub repository's secrets store. 
[info] 
[info] Visit this URL on this device to log in:
[info] https://github.com/login/oauth/authorize?client_id=89cf50f02ac6aaed3484&state=1051424529&redirect_uri=http%3A%2F%2Flocalhost%3A9005&scope=read%3Auser%20repo%20public_repo
[info] 
[info] Waiting for authentication...
[debug] [2024-12-26T14:52:48.889Z] >>> [apiv2][query] POST https://github.com/login/oauth/access_token [none]
[debug] [2024-12-26T14:52:48.889Z] >>> [apiv2][body] POST https://github.com/login/oauth/access_token [stream]
[debug] [2024-12-26T14:52:49.634Z] <<< [apiv2][status] POST https://github.com/login/oauth/access_token 200
[debug] [2024-12-26T14:52:49.634Z] <<< [apiv2][body] POST https://github.com/login/oauth/access_token {"access_token":"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","token_type":"bearer","scope":"read:user,repo"}
[debug] [2024-12-26T14:52:49.654Z] >>> [apiv2][query] GET https://api.github.com/user [none]
[debug] [2024-12-26T14:52:50.720Z] <<< [apiv2][status] GET https://api.github.com/user 200
[debug] [2024-12-26T14:52:50.721Z] <<< [apiv2][body] GET https://api.github.com/user {"login":"Wisdomkara","id":118166122,"node_id":"U_kgDOBwsSag","avatar_url":"https://avatars.githubusercontent.com/u/118166122?v=4","gravatar_id":"","url":"https://api.github.com/users/Wisdomkara","html_url":"https://github.com/Wisdomkara","followers_url":"https://api.github.com/users/Wisdomkara/followers","following_url":"https://api.github.com/users/Wisdomkara/following{/other_user}","gists_url":"https://api.github.com/users/Wisdomkara/gists{/gist_id}","starred_url":"https://api.github.com/users/Wisdomkara/starred{/owner}{/repo}","subscriptions_url":"https://api.github.com/users/Wisdomkara/subscriptions","organizations_url":"https://api.github.com/users/Wisdomkara/orgs","repos_url":"https://api.github.com/users/Wisdomkara/repos","events_url":"https://api.github.com/users/Wisdomkara/events{/privacy}","received_events_url":"https://api.github.com/users/Wisdomkara/received_events","type":"User","user_view_type":"private","site_admin":false,"name":"Wisdom Kara","company":null,"blog":"","location":null,"email":"wiskara1@gmail.com","hireable":true,"bio":"I am a web developer passionate about learning new ways to improve myself daily by all positive means","twitter_username":null,"notification_email":"wiskara1@gmail.com","public_repos":4,"public_gists":0,"followers":4,"following":4,"created_at":"2022-11-14T08:30:58Z","updated_at":"2024-12-16T12:05:14Z","private_gists":0,"total_private_repos":3,"owned_private_repos":3,"disk_usage":71307,"collaborators":0,"two_factor_authentication":false,"plan":{"name":"free","space":976562499,"collaborators":0,"private_repos":10000}}
[info] 
[info] +  Success! Logged into GitHub as Wisdomkara 
[info] 
[debug] [2024-12-26T14:53:15.105Z] >>> [apiv2][query] GET https://api.github.com/repos/Y/actions/secrets/public-key type=owner
[debug] [2024-12-26T14:53:17.025Z] <<< [apiv2][status] GET https://api.github.com/repos/Y/actions/secrets/public-key 404
[debug] [2024-12-26T14:53:17.026Z] <<< [apiv2][body] GET https://api.github.com/repos/Y/actions/secrets/public-key {"message":"Not Found","documentation_url":"https://docs.github.com/rest","status":"404"}
[info] 
[info] 
[error] !  The provided authorization cannot be used with this repository. If this repository is in an organization, did you remember to grant access? 
[info] 
[info] i  Action required: Visit this URL to ensure access has been granted to the appropriate organization(s) for the Firebase CLI GitHub OAuth App: 
[info] https://github.com/settings/connections/applications/89cf50f02ac6aaed3484
[info] 
[debug] [2024-12-26T14:56:50.063Z] >>> [apiv2][query] GET https://api.github.com/repos/Y/actions/secrets/public-key type=owner
[debug] [2024-12-26T14:56:51.097Z] <<< [apiv2][status] GET https://api.github.com/repos/Y/actions/secrets/public-key 404
[debug] [2024-12-26T14:56:51.098Z] <<< [apiv2][body] GET https://api.github.com/repos/Y/actions/secrets/public-key {"message":"Not Found","documentation_url":"https://docs.github.com/rest","status":"404"}
[info] 
[info] 
[error] !  The provided authorization cannot be used with this repository. If this repository is in an organization, did you remember to grant access? 
[info] 
[info] i  Action required: Visit this URL to ensure access has been granted to the appropriate organization(s) for the Firebase CLI GitHub OAuth App: 
[info] https://github.com/settings/connections/applications/89cf50f02ac6aaed3484
[info] 
[debug] [2024-12-26T14:57:29.583Z] >>> [apiv2][query] GET https://api.github.com/repos/Y/actions/secrets/public-key type=owner
[debug] [2024-12-26T14:57:30.630Z] <<< [apiv2][status] GET https://api.github.com/repos/Y/actions/secrets/public-key 404
[debug] [2024-12-26T14:57:30.631Z] <<< [apiv2][body] GET https://api.github.com/repos/Y/actions/secrets/public-key {"message":"Not Found","documentation_url":"https://docs.github.com/rest","status":"404"}
[info] 
[info] 
[error] !  The provided authorization cannot be used with this repository. If this repository is in an organization, did you remember to grant access? 
[info] 
[info] i  Action required: Visit this URL to ensure access has been granted to the appropriate organization(s) for the Firebase CLI GitHub OAuth App: 
[info] https://github.com/settings/connections/applications/89cf50f02ac6aaed3484
[info] 
[debug] [2024-12-26T14:57:44.314Z] >>> [apiv2][query] GET https://api.github.com/repos/Y/actions/secrets/public-key type=owner
[debug] [2024-12-26T14:57:45.362Z] <<< [apiv2][status] GET https://api.github.com/repos/Y/actions/secrets/public-key 404
[debug] [2024-12-26T14:57:45.363Z] <<< [apiv2][body] GET https://api.github.com/repos/Y/actions/secrets/public-key {"message":"Not Found","documentation_url":"https://docs.github.com/rest","status":"404"}
[info] 
[info] 
[error] !  The provided authorization cannot be used with this repository. If this repository is in an organization, did you remember to grant access? 
[info] 
[info] i  Action required: Visit this URL to ensure access has been granted to the appropriate organization(s) for the Firebase CLI GitHub OAuth App: 
[info] https://github.com/settings/connections/applications/89cf50f02ac6aaed3484
[info] 
[debug] [2024-12-26T15:02:25.829Z] >>> [apiv2][query] GET https://api.github.com/repos/N/actions/secrets/public-key type=owner
[debug] [2024-12-26T15:02:29.220Z] <<< [apiv2][status] GET https://api.github.com/repos/N/actions/secrets/public-key 404
[debug] [2024-12-26T15:02:29.220Z] <<< [apiv2][body] GET https://api.github.com/repos/N/actions/secrets/public-key {"message":"Not Found","documentation_url":"https://docs.github.com/rest","status":"404"}
[info] 
[info] 
[error] !  The provided authorization cannot be used with this repository. If this repository is in an organization, did you remember to grant access? 
[info] 
[info] i  Action required: Visit this URL to ensure access has been granted to the appropriate organization(s) for the Firebase CLI GitHub OAuth App: 
[info] https://github.com/settings/connections/applications/89cf50f02ac6aaed3484
[info] 
